[2018-10-16 05:03:47] local.ERROR: Symfony\Component\Debug\Exception\FatalThrowableError: Call to undefined method Illuminate\Database\Schema\Blueprint::int() in C:\xampp\htdocs\maquiladora2\database\migrations\2018_10_13_183159_Detalle_ordenadq.php:13
Stack trace:
#0 C:\xampp\htdocs\maquiladora2\vendor\laravel\framework\src\Illuminate\Database\Schema\Builder.php(146): DetalleOrdenadq->{closure}(Object(Illuminate\Database\Schema\Blueprint))
#1 C:\xampp\htdocs\maquiladora2\vendor\laravel\framework\src\Illuminate\Support\Facades\Facade.php(219): Illuminate\Database\Schema\Builder->create('Detalle_ordenad...', Object(Closure))
#2 C:\xampp\htdocs\maquiladora2\database\migrations\2018_10_13_183159_Detalle_ordenadq.php(22): Illuminate\Support\Facades\Facade::__callStatic('create', Array)
#3 C:\xampp\htdocs\maquiladora2\vendor\laravel\framework\src\Illuminate\Database\Migrations\Migrator.php(147): DetalleOrdenadq->up()
#4 C:\xampp\htdocs\maquiladora2\vendor\laravel\framework\src\Illuminate\Database\Migrations\Migrator.php(117): Illuminate\Database\Migrations\Migrator->runUp('2018_10_13_1831...', 1, false)
#5 C:\xampp\htdocs\maquiladora2\vendor\laravel\framework\src\Illuminate\Database\Migrations\Migrator.php(86): Illuminate\Database\Migrations\Migrator->runMigrationList(Array, Array)
#6 C:\xampp\htdocs\maquiladora2\vendor\laravel\framework\src\Illuminate\Database\Console\Migrations\MigrateCommand.php(76): Illuminate\Database\Migrations\Migrator->run('C:\\xampp\\htdocs...', Array)
#7 [internal function]: Illuminate\Database\Console\Migrations\MigrateCommand->fire()
#8 C:\xampp\htdocs\maquiladora2\vendor\laravel\framework\src\Illuminate\Container\Container.php(507): call_user_func_array(Array, Array)
#9 C:\xampp\htdocs\maquiladora2\vendor\laravel\framework\src\Illuminate\Console\Command.php(169): Illuminate\Container\Container->call(Array)
#10 C:\xampp\htdocs\maquiladora2\vendor\symfony\console\Command\Command.php(256): Illuminate\Console\Command->execute(Object(Symfony\Component\Console\Input\ArgvInput), Object(Symfony\Component\Console\Output\ConsoleOutput))
#11 C:\xampp\htdocs\maquiladora2\vendor\laravel\framework\src\Illuminate\Console\Command.php(155): Symfony\Component\Console\Command\Command->run(Object(Symfony\Component\Console\Input\ArgvInput), Object(Symfony\Component\Console\Output\ConsoleOutput))
#12 C:\xampp\htdocs\maquiladora2\vendor\symfony\console\Application.php(794): Illuminate\Console\Command->run(Object(Symfony\Component\Console\Input\ArgvInput), Object(Symfony\Component\Console\Output\ConsoleOutput))
#13 C:\xampp\htdocs\maquiladora2\vendor\symfony\console\Application.php(186): Symfony\Component\Console\Application->doRunCommand(Object(Illuminate\Database\Console\Migrations\MigrateCommand), Object(Symfony\Component\Console\Input\ArgvInput), Object(Symfony\Component\Console\Output\ConsoleOutput))
#14 C:\xampp\htdocs\maquiladora2\vendor\symfony\console\Application.php(117): Symfony\Component\Console\Application->doRun(Object(Symfony\Component\Console\Input\ArgvInput), Object(Symfony\Component\Console\Output\ConsoleOutput))
#15 C:\xampp\htdocs\maquiladora2\vendor\laravel\framework\src\Illuminate\Foundation\Console\Kernel.php(107): Symfony\Component\Console\Application->run(Object(Symfony\Component\Console\Input\ArgvInput), Object(Symfony\Component\Console\Output\ConsoleOutput))
#16 C:\xampp\htdocs\maquiladora2\artisan(35): Illuminate\Foundation\Console\Kernel->handle(Object(Symfony\Component\Console\Input\ArgvInput), Object(Symfony\Component\Console\Output\ConsoleOutput))
#17 {main}  
[2018-10-16 05:23:51] local.ERROR: PDOException: SQLSTATE[42S01]: Base table or view already exists: 1050 Table 'orden_produccion' already exists in C:\xampp\htdocs\maquiladora2\vendor\laravel\framework\src\Illuminate\Database\Connection.php:457
Stack trace:
#0 C:\xampp\htdocs\maquiladora2\vendor\laravel\framework\src\Illuminate\Database\Connection.php(457): PDOStatement->execute(Array)
#1 C:\xampp\htdocs\maquiladora2\vendor\laravel\framework\src\Illuminate\Database\Connection.php(722): Illuminate\Database\Connection->Illuminate\Database\{closure}(Object(Illuminate\Database\MySqlConnection), 'create table `o...', Array)
#2 C:\xampp\htdocs\maquiladora2\vendor\laravel\framework\src\Illuminate\Database\Connection.php(685): Illuminate\Database\Connection->runQueryCallback('create table `o...', Array, Object(Closure))
#3 C:\xampp\htdocs\maquiladora2\vendor\laravel\framework\src\Illuminate\Database\Connection.php(458): Illuminate\Database\Connection->run('create table `o...', Array, Object(Closure))
#4 C:\xampp\htdocs\maquiladora2\vendor\laravel\framework\src\Illuminate\Database\Schema\Blueprint.php(83): Illuminate\Database\Connection->statement('create table `o...')
#5 C:\xampp\htdocs\maquiladora2\vendor\laravel\framework\src\Illuminate\Database\Schema\Builder.php(229): Illuminate\Database\Schema\Blueprint->build(Object(Illuminate\Database\MySqlConnection), Object(Illuminate\Database\Schema\Grammars\MySqlGrammar))
#6 C:\xampp\htdocs\maquiladora2\vendor\laravel\framework\src\Illuminate\Database\Schema\Builder.php(148): Illuminate\Database\Schema\Builder->build(Object(Illuminate\Database\Schema\Blueprint))
#7 C:\xampp\htdocs\maquiladora2\vendor\laravel\framework\src\Illuminate\Support\Facades\Facade.php(219): Illuminate\Database\Schema\Builder->create('orden_produccio...', Object(Closure))
#8 C:\xampp\htdocs\maquiladora2\database\migrations\2018_10_16_045608_Orden_produccions.php(16): Illuminate\Support\Facades\Facade::__callStatic('create', Array)
#9 C:\xampp\htdocs\maquiladora2\vendor\laravel\framework\src\Illuminate\Database\Migrations\Migrator.php(147): OrdenProduccions->up()
#10 C:\xampp\htdocs\maquiladora2\vendor\laravel\framework\src\Illuminate\Database\Migrations\Migrator.php(117): Illuminate\Database\Migrations\Migrator->runUp('2018_10_16_0456...', 2, false)
#11 C:\xampp\htdocs\maquiladora2\vendor\laravel\framework\src\Illuminate\Database\Migrations\Migrator.php(86): Illuminate\Database\Migrations\Migrator->runMigrationList(Array, Array)
#12 C:\xampp\htdocs\maquiladora2\vendor\laravel\framework\src\Illuminate\Database\Console\Migrations\MigrateCommand.php(76): Illuminate\Database\Migrations\Migrator->run('C:\\xampp\\htdocs...', Array)
#13 [internal function]: Illuminate\Database\Console\Migrations\MigrateCommand->fire()
#14 C:\xampp\htdocs\maquiladora2\vendor\laravel\framework\src\Illuminate\Container\Container.php(507): call_user_func_array(Array, Array)
#15 C:\xampp\htdocs\maquiladora2\vendor\laravel\framework\src\Illuminate\Console\Command.php(169): Illuminate\Container\Container->call(Array)
#16 C:\xampp\htdocs\maquiladora2\vendor\symfony\console\Command\Command.php(256): Illuminate\Console\Command->execute(Object(Symfony\Component\Console\Input\ArgvInput), Object(Symfony\Component\Console\Output\ConsoleOutput))
#17 C:\xampp\htdocs\maquiladora2\vendor\laravel\framework\src\Illuminate\Console\Command.php(155): Symfony\Component\Console\Command\Command->run(Object(Symfony\Component\Console\Input\ArgvInput), Object(Symfony\Component\Console\Output\ConsoleOutput))
#18 C:\xampp\htdocs\maquiladora2\vendor\symfony\console\Application.php(794): Illuminate\Console\Command->run(Object(Symfony\Component\Console\Input\ArgvInput), Object(Symfony\Component\Console\Output\ConsoleOutput))
#19 C:\xampp\htdocs\maquiladora2\vendor\symfony\console\Application.php(186): Symfony\Component\Console\Application->doRunCommand(Object(Illuminate\Database\Console\Migrations\MigrateCommand), Object(Symfony\Component\Console\Input\ArgvInput), Object(Symfony\Component\Console\Output\ConsoleOutput))
#20 C:\xampp\htdocs\maquiladora2\vendor\symfony\console\Application.php(117): Symfony\Component\Console\Application->doRun(Object(Symfony\Component\Console\Input\ArgvInput), Object(Symfony\Component\Console\Output\ConsoleOutput))
#21 C:\xampp\htdocs\maquiladora2\vendor\laravel\framework\src\Illuminate\Foundation\Console\Kernel.php(107): Symfony\Component\Console\Application->run(Object(Symfony\Component\Console\Input\ArgvInput), Object(Symfony\Component\Console\Output\ConsoleOutput))
#22 C:\xampp\htdocs\maquiladora2\artisan(35): Illuminate\Foundation\Console\Kernel->handle(Object(Symfony\Component\Console\Input\ArgvInput), Object(Symfony\Component\Console\Output\ConsoleOutput))
#23 {main}

Next Illuminate\Database\QueryException: SQLSTATE[42S01]: Base table or view already exists: 1050 Table 'orden_produccion' already exists (SQL: create table `orden_produccion` (`Id_OP` int unsigned not null auto_increment primary key, `fecha_inicio` date not null, `fecha_salida` date not null, `remember_token` varchar(100) null, `created_at` timestamp null, `updated_at` timestamp null) default character set utf8 collate utf8_unicode_ci) in C:\xampp\htdocs\maquiladora2\vendor\laravel\framework\src\Illuminate\Database\Connection.php:729
Stack trace:
#0 C:\xampp\htdocs\maquiladora2\vendor\laravel\framework\src\Illuminate\Database\Connection.php(685): Illuminate\Database\Connection->runQueryCallback('create table `o...', Array, Object(Closure))
#1 C:\xampp\htdocs\maquiladora2\vendor\laravel\framework\src\Illuminate\Database\Connection.php(458): Illuminate\Database\Connection->run('create table `o...', Array, Object(Closure))
#2 C:\xampp\htdocs\maquiladora2\vendor\laravel\framework\src\Illuminate\Database\Schema\Blueprint.php(83): Illuminate\Database\Connection->statement('create table `o...')
#3 C:\xampp\htdocs\maquiladora2\vendor\laravel\framework\src\Illuminate\Database\Schema\Builder.php(229): Illuminate\Database\Schema\Blueprint->build(Object(Illuminate\Database\MySqlConnection), Object(Illuminate\Database\Schema\Grammars\MySqlGrammar))
#4 C:\xampp\htdocs\maquiladora2\vendor\laravel\framework\src\Illuminate\Database\Schema\Builder.php(148): Illuminate\Database\Schema\Builder->build(Object(Illuminate\Database\Schema\Blueprint))
#5 C:\xampp\htdocs\maquiladora2\vendor\laravel\framework\src\Illuminate\Support\Facades\Facade.php(219): Illuminate\Database\Schema\Builder->create('orden_produccio...', Object(Closure))
#6 C:\xampp\htdocs\maquiladora2\database\migrations\2018_10_16_045608_Orden_produccions.php(16): Illuminate\Support\Facades\Facade::__callStatic('create', Array)
#7 C:\xampp\htdocs\maquiladora2\vendor\laravel\framework\src\Illuminate\Database\Migrations\Migrator.php(147): OrdenProduccions->up()
#8 C:\xampp\htdocs\maquiladora2\vendor\laravel\framework\src\Illuminate\Database\Migrations\Migrator.php(117): Illuminate\Database\Migrations\Migrator->runUp('2018_10_16_0456...', 2, false)
#9 C:\xampp\htdocs\maquiladora2\vendor\laravel\framework\src\Illuminate\Database\Migrations\Migrator.php(86): Illuminate\Database\Migrations\Migrator->runMigrationList(Array, Array)
#10 C:\xampp\htdocs\maquiladora2\vendor\laravel\framework\src\Illuminate\Database\Console\Migrations\MigrateCommand.php(76): Illuminate\Database\Migrations\Migrator->run('C:\\xampp\\htdocs...', Array)
#11 [internal function]: Illuminate\Database\Console\Migrations\MigrateCommand->fire()
#12 C:\xampp\htdocs\maquiladora2\vendor\laravel\framework\src\Illuminate\Container\Container.php(507): call_user_func_array(Array, Array)
#13 C:\xampp\htdocs\maquiladora2\vendor\laravel\framework\src\Illuminate\Console\Command.php(169): Illuminate\Container\Container->call(Array)
#14 C:\xampp\htdocs\maquiladora2\vendor\symfony\console\Command\Command.php(256): Illuminate\Console\Command->execute(Object(Symfony\Component\Console\Input\ArgvInput), Object(Symfony\Component\Console\Output\ConsoleOutput))
#15 C:\xampp\htdocs\maquiladora2\vendor\laravel\framework\src\Illuminate\Console\Command.php(155): Symfony\Component\Console\Command\Command->run(Object(Symfony\Component\Console\Input\ArgvInput), Object(Symfony\Component\Console\Output\ConsoleOutput))
#16 C:\xampp\htdocs\maquiladora2\vendor\symfony\console\Application.php(794): Illuminate\Console\Command->run(Object(Symfony\Component\Console\Input\ArgvInput), Object(Symfony\Component\Console\Output\ConsoleOutput))
#17 C:\xampp\htdocs\maquiladora2\vendor\symfony\console\Application.php(186): Symfony\Component\Console\Application->doRunCommand(Object(Illuminate\Database\Console\Migrations\MigrateCommand), Object(Symfony\Component\Console\Input\ArgvInput), Object(Symfony\Component\Console\Output\ConsoleOutput))
#18 C:\xampp\htdocs\maquiladora2\vendor\symfony\console\Application.php(117): Symfony\Component\Console\Application->doRun(Object(Symfony\Component\Console\Input\ArgvInput), Object(Symfony\Component\Console\Output\ConsoleOutput))
#19 C:\xampp\htdocs\maquiladora2\vendor\laravel\framework\src\Illuminate\Foundation\Console\Kernel.php(107): Symfony\Component\Console\Application->run(Object(Symfony\Component\Console\Input\ArgvInput), Object(Symfony\Component\Console\Output\ConsoleOutput))
#20 C:\xampp\htdocs\maquiladora2\artisan(35): Illuminate\Foundation\Console\Kernel->handle(Object(Symfony\Component\Console\Input\ArgvInput), Object(Symfony\Component\Console\Output\ConsoleOutput))
#21 {main}  
[2018-10-16 05:24:45] local.ERROR: Symfony\Component\Debug\Exception\FatalThrowableError: Class 'Empresa' not found in C:\xampp\htdocs\maquiladora2\vendor\laravel\framework\src\Illuminate\Database\Migrations\Migrator.php:335
Stack trace:
#0 C:\xampp\htdocs\maquiladora2\vendor\laravel\framework\src\Illuminate\Database\Migrations\Migrator.php(227): Illuminate\Database\Migrations\Migrator->resolve('Empresa')
#1 C:\xampp\htdocs\maquiladora2\vendor\laravel\framework\src\Illuminate\Database\Migrations\Migrator.php(181): Illuminate\Database\Migrations\Migrator->runDown(Object(stdClass), false)
#2 C:\xampp\htdocs\maquiladora2\vendor\laravel\framework\src\Illuminate\Database\Console\Migrations\RollbackCommand.php(63): Illuminate\Database\Migrations\Migrator->rollback(false)
#3 [internal function]: Illuminate\Database\Console\Migrations\RollbackCommand->fire()
#4 C:\xampp\htdocs\maquiladora2\vendor\laravel\framework\src\Illuminate\Container\Container.php(507): call_user_func_array(Array, Array)
#5 C:\xampp\htdocs\maquiladora2\vendor\laravel\framework\src\Illuminate\Console\Command.php(169): Illuminate\Container\Container->call(Array)
#6 C:\xampp\htdocs\maquiladora2\vendor\symfony\console\Command\Command.php(256): Illuminate\Console\Command->execute(Object(Symfony\Component\Console\Input\ArgvInput), Object(Symfony\Component\Console\Output\ConsoleOutput))
#7 C:\xampp\htdocs\maquiladora2\vendor\laravel\framework\src\Illuminate\Console\Command.php(155): Symfony\Component\Console\Command\Command->run(Object(Symfony\Component\Console\Input\ArgvInput), Object(Symfony\Component\Console\Output\ConsoleOutput))
#8 C:\xampp\htdocs\maquiladora2\vendor\symfony\console\Application.php(794): Illuminate\Console\Command->run(Object(Symfony\Component\Console\Input\ArgvInput), Object(Symfony\Component\Console\Output\ConsoleOutput))
#9 C:\xampp\htdocs\maquiladora2\vendor\symfony\console\Application.php(186): Symfony\Component\Console\Application->doRunCommand(Object(Illuminate\Database\Console\Migrations\RollbackCommand), Object(Symfony\Component\Console\Input\ArgvInput), Object(Symfony\Component\Console\Output\ConsoleOutput))
#10 C:\xampp\htdocs\maquiladora2\vendor\symfony\console\Application.php(117): Symfony\Component\Console\Application->doRun(Object(Symfony\Component\Console\Input\ArgvInput), Object(Symfony\Component\Console\Output\ConsoleOutput))
#11 C:\xampp\htdocs\maquiladora2\vendor\laravel\framework\src\Illuminate\Foundation\Console\Kernel.php(107): Symfony\Component\Console\Application->run(Object(Symfony\Component\Console\Input\ArgvInput), Object(Symfony\Component\Console\Output\ConsoleOutput))
#12 C:\xampp\htdocs\maquiladora2\artisan(35): Illuminate\Foundation\Console\Kernel->handle(Object(Symfony\Component\Console\Input\ArgvInput), Object(Symfony\Component\Console\Output\ConsoleOutput))
#13 {main}  
[2018-10-16 05:25:59] local.ERROR: Symfony\Component\Debug\Exception\FatalThrowableError: Call to undefined method Illuminate\Database\Schema\Blueprint::int() in C:\xampp\htdocs\maquiladora2\database\migrations\2018_10_16_045711_Detalle_Ordenadqs.php:13
Stack trace:
#0 C:\xampp\htdocs\maquiladora2\vendor\laravel\framework\src\Illuminate\Database\Schema\Builder.php(146): DetalleOrdenadqs->{closure}(Object(Illuminate\Database\Schema\Blueprint))
#1 C:\xampp\htdocs\maquiladora2\vendor\laravel\framework\src\Illuminate\Support\Facades\Facade.php(219): Illuminate\Database\Schema\Builder->create('Detalle_ordenad...', Object(Closure))
#2 C:\xampp\htdocs\maquiladora2\database\migrations\2018_10_16_045711_Detalle_Ordenadqs.php(22): Illuminate\Support\Facades\Facade::__callStatic('create', Array)
#3 C:\xampp\htdocs\maquiladora2\vendor\laravel\framework\src\Illuminate\Database\Migrations\Migrator.php(147): DetalleOrdenadqs->up()
#4 C:\xampp\htdocs\maquiladora2\vendor\laravel\framework\src\Illuminate\Database\Migrations\Migrator.php(117): Illuminate\Database\Migrations\Migrator->runUp('2018_10_16_0457...', 1, false)
#5 C:\xampp\htdocs\maquiladora2\vendor\laravel\framework\src\Illuminate\Database\Migrations\Migrator.php(86): Illuminate\Database\Migrations\Migrator->runMigrationList(Array, Array)
#6 C:\xampp\htdocs\maquiladora2\vendor\laravel\framework\src\Illuminate\Database\Console\Migrations\MigrateCommand.php(76): Illuminate\Database\Migrations\Migrator->run('C:\\xampp\\htdocs...', Array)
#7 [internal function]: Illuminate\Database\Console\Migrations\MigrateCommand->fire()
#8 C:\xampp\htdocs\maquiladora2\vendor\laravel\framework\src\Illuminate\Container\Container.php(507): call_user_func_array(Array, Array)
#9 C:\xampp\htdocs\maquiladora2\vendor\laravel\framework\src\Illuminate\Console\Command.php(169): Illuminate\Container\Container->call(Array)
#10 C:\xampp\htdocs\maquiladora2\vendor\symfony\console\Command\Command.php(256): Illuminate\Console\Command->execute(Object(Symfony\Component\Console\Input\ArgvInput), Object(Symfony\Component\Console\Output\ConsoleOutput))
#11 C:\xampp\htdocs\maquiladora2\vendor\laravel\framework\src\Illuminate\Console\Command.php(155): Symfony\Component\Console\Command\Command->run(Object(Symfony\Component\Console\Input\ArgvInput), Object(Symfony\Component\Console\Output\ConsoleOutput))
#12 C:\xampp\htdocs\maquiladora2\vendor\symfony\console\Application.php(794): Illuminate\Console\Command->run(Object(Symfony\Component\Console\Input\ArgvInput), Object(Symfony\Component\Console\Output\ConsoleOutput))
#13 C:\xampp\htdocs\maquiladora2\vendor\symfony\console\Application.php(186): Symfony\Component\Console\Application->doRunCommand(Object(Illuminate\Database\Console\Migrations\MigrateCommand), Object(Symfony\Component\Console\Input\ArgvInput), Object(Symfony\Component\Console\Output\ConsoleOutput))
#14 C:\xampp\htdocs\maquiladora2\vendor\symfony\console\Application.php(117): Symfony\Component\Console\Application->doRun(Object(Symfony\Component\Console\Input\ArgvInput), Object(Symfony\Component\Console\Output\ConsoleOutput))
#15 C:\xampp\htdocs\maquiladora2\vendor\laravel\framework\src\Illuminate\Foundation\Console\Kernel.php(107): Symfony\Component\Console\Application->run(Object(Symfony\Component\Console\Input\ArgvInput), Object(Symfony\Component\Console\Output\ConsoleOutput))
#16 C:\xampp\htdocs\maquiladora2\artisan(35): Illuminate\Foundation\Console\Kernel->handle(Object(Symfony\Component\Console\Input\ArgvInput), Object(Symfony\Component\Console\Output\ConsoleOutput))
#17 {main}  
[2018-10-16 05:27:45] local.ERROR: ErrorException: include(C:\xampp\htdocs\maquiladora2\vendor\composer/../../database/migrations/2018_10_16_050958_Materia_primas.php): failed to open stream: No such file or directory in C:\xampp\htdocs\maquiladora2\vendor\composer\ClassLoader.php:444
Stack trace:
#0 C:\xampp\htdocs\maquiladora2\vendor\composer\ClassLoader.php(444): Illuminate\Foundation\Bootstrap\HandleExceptions->handleError(2, 'include(C:\\xamp...', 'C:\\xampp\\htdocs...', 444, Array)
#1 C:\xampp\htdocs\maquiladora2\vendor\composer\ClassLoader.php(444): include()
#2 C:\xampp\htdocs\maquiladora2\vendor\composer\ClassLoader.php(322): Composer\Autoload\includeFile('C:\\xampp\\htdocs...')
#3 [internal function]: Composer\Autoload\ClassLoader->loadClass('MateriaPrimas')
#4 C:\xampp\htdocs\maquiladora2\vendor\laravel\framework\src\Illuminate\Database\Migrations\Migrator.php(335): spl_autoload_call('MateriaPrimas')
#5 C:\xampp\htdocs\maquiladora2\vendor\laravel\framework\src\Illuminate\Database\Migrations\Migrator.php(227): Illuminate\Database\Migrations\Migrator->resolve('Materia_primas')
#6 C:\xampp\htdocs\maquiladora2\vendor\laravel\framework\src\Illuminate\Database\Migrations\Migrator.php(181): Illuminate\Database\Migrations\Migrator->runDown(Object(stdClass), false)
#7 C:\xampp\htdocs\maquiladora2\vendor\laravel\framework\src\Illuminate\Database\Console\Migrations\RollbackCommand.php(63): Illuminate\Database\Migrations\Migrator->rollback(false)
#8 [internal function]: Illuminate\Database\Console\Migrations\RollbackCommand->fire()
#9 C:\xampp\htdocs\maquiladora2\vendor\laravel\framework\src\Illuminate\Container\Container.php(507): call_user_func_array(Array, Array)
#10 C:\xampp\htdocs\maquiladora2\vendor\laravel\framework\src\Illuminate\Console\Command.php(169): Illuminate\Container\Container->call(Array)
#11 C:\xampp\htdocs\maquiladora2\vendor\symfony\console\Command\Command.php(256): Illuminate\Console\Command->execute(Object(Symfony\Component\Console\Input\ArgvInput), Object(Symfony\Component\Console\Output\ConsoleOutput))
#12 C:\xampp\htdocs\maquiladora2\vendor\laravel\framework\src\Illuminate\Console\Command.php(155): Symfony\Component\Console\Command\Command->run(Object(Symfony\Component\Console\Input\ArgvInput), Object(Symfony\Component\Console\Output\ConsoleOutput))
#13 C:\xampp\htdocs\maquiladora2\vendor\symfony\console\Application.php(794): Illuminate\Console\Command->run(Object(Symfony\Component\Console\Input\ArgvInput), Object(Symfony\Component\Console\Output\ConsoleOutput))
#14 C:\xampp\htdocs\maquiladora2\vendor\symfony\console\Application.php(186): Symfony\Component\Console\Application->doRunCommand(Object(Illuminate\Database\Console\Migrations\RollbackCommand), Object(Symfony\Component\Console\Input\ArgvInput), Object(Symfony\Component\Console\Output\ConsoleOutput))
#15 C:\xampp\htdocs\maquiladora2\vendor\symfony\console\Application.php(117): Symfony\Component\Console\Application->doRun(Object(Symfony\Component\Console\Input\ArgvInput), Object(Symfony\Component\Console\Output\ConsoleOutput))
#16 C:\xampp\htdocs\maquiladora2\vendor\laravel\framework\src\Illuminate\Foundation\Console\Kernel.php(107): Symfony\Component\Console\Application->run(Object(Symfony\Component\Console\Input\ArgvInput), Object(Symfony\Component\Console\Output\ConsoleOutput))
#17 C:\xampp\htdocs\maquiladora2\artisan(35): Illuminate\Foundation\Console\Kernel->handle(Object(Symfony\Component\Console\Input\ArgvInput), Object(Symfony\Component\Console\Output\ConsoleOutput))
#18 {main}  
[2018-10-16 17:35:01] local.ERROR: ErrorException: include(C:\xampp\htdocs\maquiladora2\vendor\composer/../../database/migrations/2018_10_16_050958_Materia_primas.php): failed to open stream: No such file or directory in C:\xampp\htdocs\maquiladora2\vendor\composer\ClassLoader.php:444
Stack trace:
#0 C:\xampp\htdocs\maquiladora2\vendor\composer\ClassLoader.php(444): Illuminate\Foundation\Bootstrap\HandleExceptions->handleError(2, 'include(C:\\xamp...', 'C:\\xampp\\htdocs...', 444, Array)
#1 C:\xampp\htdocs\maquiladora2\vendor\composer\ClassLoader.php(444): include()
#2 C:\xampp\htdocs\maquiladora2\vendor\composer\ClassLoader.php(322): Composer\Autoload\includeFile('C:\\xampp\\htdocs...')
#3 [internal function]: Composer\Autoload\ClassLoader->loadClass('MateriaPrimas')
#4 C:\xampp\htdocs\maquiladora2\vendor\laravel\framework\src\Illuminate\Database\Migrations\Migrator.php(335): spl_autoload_call('MateriaPrimas')
#5 C:\xampp\htdocs\maquiladora2\vendor\laravel\framework\src\Illuminate\Database\Migrations\Migrator.php(227): Illuminate\Database\Migrations\Migrator->resolve('Materia_primas')
#6 C:\xampp\htdocs\maquiladora2\vendor\laravel\framework\src\Illuminate\Database\Migrations\Migrator.php(181): Illuminate\Database\Migrations\Migrator->runDown(Object(stdClass), false)
#7 C:\xampp\htdocs\maquiladora2\vendor\laravel\framework\src\Illuminate\Database\Console\Migrations\RollbackCommand.php(63): Illuminate\Database\Migrations\Migrator->rollback(false)
#8 [internal function]: Illuminate\Database\Console\Migrations\RollbackCommand->fire()
#9 C:\xampp\htdocs\maquiladora2\vendor\laravel\framework\src\Illuminate\Container\Container.php(507): call_user_func_array(Array, Array)
#10 C:\xampp\htdocs\maquiladora2\vendor\laravel\framework\src\Illuminate\Console\Command.php(169): Illuminate\Container\Container->call(Array)
#11 C:\xampp\htdocs\maquiladora2\vendor\symfony\console\Command\Command.php(256): Illuminate\Console\Command->execute(Object(Symfony\Component\Console\Input\ArgvInput), Object(Symfony\Component\Console\Output\ConsoleOutput))
#12 C:\xampp\htdocs\maquiladora2\vendor\laravel\framework\src\Illuminate\Console\Command.php(155): Symfony\Component\Console\Command\Command->run(Object(Symfony\Component\Console\Input\ArgvInput), Object(Symfony\Component\Console\Output\ConsoleOutput))
#13 C:\xampp\htdocs\maquiladora2\vendor\symfony\console\Application.php(794): Illuminate\Console\Command->run(Object(Symfony\Component\Console\Input\ArgvInput), Object(Symfony\Component\Console\Output\ConsoleOutput))
#14 C:\xampp\htdocs\maquiladora2\vendor\symfony\console\Application.php(186): Symfony\Component\Console\Application->doRunCommand(Object(Illuminate\Database\Console\Migrations\RollbackCommand), Object(Symfony\Component\Console\Input\ArgvInput), Object(Symfony\Component\Console\Output\ConsoleOutput))
#15 C:\xampp\htdocs\maquiladora2\vendor\symfony\console\Application.php(117): Symfony\Component\Console\Application->doRun(Object(Symfony\Component\Console\Input\ArgvInput), Object(Symfony\Component\Console\Output\ConsoleOutput))
#16 C:\xampp\htdocs\maquiladora2\vendor\laravel\framework\src\Illuminate\Foundation\Console\Kernel.php(107): Symfony\Component\Console\Application->run(Object(Symfony\Component\Console\Input\ArgvInput), Object(Symfony\Component\Console\Output\ConsoleOutput))
#17 C:\xampp\htdocs\maquiladora2\artisan(35): Illuminate\Foundation\Console\Kernel->handle(Object(Symfony\Component\Console\Input\ArgvInput), Object(Symfony\Component\Console\Output\ConsoleOutput))
#18 {main}  
[2018-10-16 17:43:33] local.ERROR: ErrorException: include(C:\xampp\htdocs\maquiladora2\vendor\composer/../../database/migrations/2018_10_16_050958_Materia_primas.php): failed to open stream: No such file or directory in C:\xampp\htdocs\maquiladora2\vendor\composer\ClassLoader.php:444
Stack trace:
#0 C:\xampp\htdocs\maquiladora2\vendor\composer\ClassLoader.php(444): Illuminate\Foundation\Bootstrap\HandleExceptions->handleError(2, 'include(C:\\xamp...', 'C:\\xampp\\htdocs...', 444, Array)
#1 C:\xampp\htdocs\maquiladora2\vendor\composer\ClassLoader.php(444): include()
#2 C:\xampp\htdocs\maquiladora2\vendor\composer\ClassLoader.php(322): Composer\Autoload\includeFile('C:\\xampp\\htdocs...')
#3 [internal function]: Composer\Autoload\ClassLoader->loadClass('MateriaPrimas')
#4 C:\xampp\htdocs\maquiladora2\vendor\laravel\framework\src\Illuminate\Database\Migrations\Migrator.php(335): spl_autoload_call('MateriaPrimas')
#5 C:\xampp\htdocs\maquiladora2\vendor\laravel\framework\src\Illuminate\Database\Migrations\Migrator.php(227): Illuminate\Database\Migrations\Migrator->resolve('Materia_primas')
#6 C:\xampp\htdocs\maquiladora2\vendor\laravel\framework\src\Illuminate\Database\Migrations\Migrator.php(181): Illuminate\Database\Migrations\Migrator->runDown(Object(stdClass), false)
#7 C:\xampp\htdocs\maquiladora2\vendor\laravel\framework\src\Illuminate\Database\Console\Migrations\RollbackCommand.php(63): Illuminate\Database\Migrations\Migrator->rollback(false)
#8 [internal function]: Illuminate\Database\Console\Migrations\RollbackCommand->fire()
#9 C:\xampp\htdocs\maquiladora2\vendor\laravel\framework\src\Illuminate\Container\Container.php(507): call_user_func_array(Array, Array)
#10 C:\xampp\htdocs\maquiladora2\vendor\laravel\framework\src\Illuminate\Console\Command.php(169): Illuminate\Container\Container->call(Array)
#11 C:\xampp\htdocs\maquiladora2\vendor\symfony\console\Command\Command.php(256): Illuminate\Console\Command->execute(Object(Symfony\Component\Console\Input\ArgvInput), Object(Symfony\Component\Console\Output\ConsoleOutput))
#12 C:\xampp\htdocs\maquiladora2\vendor\laravel\framework\src\Illuminate\Console\Command.php(155): Symfony\Component\Console\Command\Command->run(Object(Symfony\Component\Console\Input\ArgvInput), Object(Symfony\Component\Console\Output\ConsoleOutput))
#13 C:\xampp\htdocs\maquiladora2\vendor\symfony\console\Application.php(794): Illuminate\Console\Command->run(Object(Symfony\Component\Console\Input\ArgvInput), Object(Symfony\Component\Console\Output\ConsoleOutput))
#14 C:\xampp\htdocs\maquiladora2\vendor\symfony\console\Application.php(186): Symfony\Component\Console\Application->doRunCommand(Object(Illuminate\Database\Console\Migrations\RollbackCommand), Object(Symfony\Component\Console\Input\ArgvInput), Object(Symfony\Component\Console\Output\ConsoleOutput))
#15 C:\xampp\htdocs\maquiladora2\vendor\symfony\console\Application.php(117): Symfony\Component\Console\Application->doRun(Object(Symfony\Component\Console\Input\ArgvInput), Object(Symfony\Component\Console\Output\ConsoleOutput))
#16 C:\xampp\htdocs\maquiladora2\vendor\laravel\framework\src\Illuminate\Foundation\Console\Kernel.php(107): Symfony\Component\Console\Application->run(Object(Symfony\Component\Console\Input\ArgvInput), Object(Symfony\Component\Console\Output\ConsoleOutput))
#17 C:\xampp\htdocs\maquiladora2\artisan(35): Illuminate\Foundation\Console\Kernel->handle(Object(Symfony\Component\Console\Input\ArgvInput), Object(Symfony\Component\Console\Output\ConsoleOutput))
#18 {main}  
[2018-10-16 17:45:25] local.ERROR: Symfony\Component\Debug\Exception\FatalThrowableError: Class 'OrdenProduccions' not found in C:\xampp\htdocs\maquiladora2\vendor\laravel\framework\src\Illuminate\Database\Migrations\Migrator.php:335
Stack trace:
#0 C:\xampp\htdocs\maquiladora2\vendor\laravel\framework\src\Illuminate\Database\Migrations\Migrator.php(227): Illuminate\Database\Migrations\Migrator->resolve('Orden_produccio...')
#1 C:\xampp\htdocs\maquiladora2\vendor\laravel\framework\src\Illuminate\Database\Migrations\Migrator.php(181): Illuminate\Database\Migrations\Migrator->runDown(Object(stdClass), false)
#2 C:\xampp\htdocs\maquiladora2\vendor\laravel\framework\src\Illuminate\Database\Console\Migrations\RollbackCommand.php(63): Illuminate\Database\Migrations\Migrator->rollback(false)
#3 [internal function]: Illuminate\Database\Console\Migrations\RollbackCommand->fire()
#4 C:\xampp\htdocs\maquiladora2\vendor\laravel\framework\src\Illuminate\Container\Container.php(507): call_user_func_array(Array, Array)
#5 C:\xampp\htdocs\maquiladora2\vendor\laravel\framework\src\Illuminate\Console\Command.php(169): Illuminate\Container\Container->call(Array)
#6 C:\xampp\htdocs\maquiladora2\vendor\symfony\console\Command\Command.php(256): Illuminate\Console\Command->execute(Object(Symfony\Component\Console\Input\ArgvInput), Object(Symfony\Component\Console\Output\ConsoleOutput))
#7 C:\xampp\htdocs\maquiladora2\vendor\laravel\framework\src\Illuminate\Console\Command.php(155): Symfony\Component\Console\Command\Command->run(Object(Symfony\Component\Console\Input\ArgvInput), Object(Symfony\Component\Console\Output\ConsoleOutput))
#8 C:\xampp\htdocs\maquiladora2\vendor\symfony\console\Application.php(794): Illuminate\Console\Command->run(Object(Symfony\Component\Console\Input\ArgvInput), Object(Symfony\Component\Console\Output\ConsoleOutput))
#9 C:\xampp\htdocs\maquiladora2\vendor\symfony\console\Application.php(186): Symfony\Component\Console\Application->doRunCommand(Object(Illuminate\Database\Console\Migrations\RollbackCommand), Object(Symfony\Component\Console\Input\ArgvInput), Object(Symfony\Component\Console\Output\ConsoleOutput))
#10 C:\xampp\htdocs\maquiladora2\vendor\symfony\console\Application.php(117): Symfony\Component\Console\Application->doRun(Object(Symfony\Component\Console\Input\ArgvInput), Object(Symfony\Component\Console\Output\ConsoleOutput))
#11 C:\xampp\htdocs\maquiladora2\vendor\laravel\framework\src\Illuminate\Foundation\Console\Kernel.php(107): Symfony\Component\Console\Application->run(Object(Symfony\Component\Console\Input\ArgvInput), Object(Symfony\Component\Console\Output\ConsoleOutput))
#12 C:\xampp\htdocs\maquiladora2\artisan(35): Illuminate\Foundation\Console\Kernel->handle(Object(Symfony\Component\Console\Input\ArgvInput), Object(Symfony\Component\Console\Output\ConsoleOutput))
#13 {main}  
[2018-10-16 17:45:46] local.ERROR: Symfony\Component\Debug\Exception\FatalThrowableError: Class 'OrdenProduccions' not found in C:\xampp\htdocs\maquiladora2\vendor\laravel\framework\src\Illuminate\Database\Migrations\Migrator.php:335
Stack trace:
#0 C:\xampp\htdocs\maquiladora2\vendor\laravel\framework\src\Illuminate\Database\Migrations\Migrator.php(227): Illuminate\Database\Migrations\Migrator->resolve('Orden_produccio...')
#1 C:\xampp\htdocs\maquiladora2\vendor\laravel\framework\src\Illuminate\Database\Migrations\Migrator.php(181): Illuminate\Database\Migrations\Migrator->runDown(Object(stdClass), false)
#2 C:\xampp\htdocs\maquiladora2\vendor\laravel\framework\src\Illuminate\Database\Console\Migrations\RollbackCommand.php(63): Illuminate\Database\Migrations\Migrator->rollback(false)
#3 [internal function]: Illuminate\Database\Console\Migrations\RollbackCommand->fire()
#4 C:\xampp\htdocs\maquiladora2\vendor\laravel\framework\src\Illuminate\Container\Container.php(507): call_user_func_array(Array, Array)
#5 C:\xampp\htdocs\maquiladora2\vendor\laravel\framework\src\Illuminate\Console\Command.php(169): Illuminate\Container\Container->call(Array)
#6 C:\xampp\htdocs\maquiladora2\vendor\symfony\console\Command\Command.php(256): Illuminate\Console\Command->execute(Object(Symfony\Component\Console\Input\ArgvInput), Object(Symfony\Component\Console\Output\ConsoleOutput))
#7 C:\xampp\htdocs\maquiladora2\vendor\laravel\framework\src\Illuminate\Console\Command.php(155): Symfony\Component\Console\Command\Command->run(Object(Symfony\Component\Console\Input\ArgvInput), Object(Symfony\Component\Console\Output\ConsoleOutput))
#8 C:\xampp\htdocs\maquiladora2\vendor\symfony\console\Application.php(794): Illuminate\Console\Command->run(Object(Symfony\Component\Console\Input\ArgvInput), Object(Symfony\Component\Console\Output\ConsoleOutput))
#9 C:\xampp\htdocs\maquiladora2\vendor\symfony\console\Application.php(186): Symfony\Component\Console\Application->doRunCommand(Object(Illuminate\Database\Console\Migrations\RollbackCommand), Object(Symfony\Component\Console\Input\ArgvInput), Object(Symfony\Component\Console\Output\ConsoleOutput))
#10 C:\xampp\htdocs\maquiladora2\vendor\symfony\console\Application.php(117): Symfony\Component\Console\Application->doRun(Object(Symfony\Component\Console\Input\ArgvInput), Object(Symfony\Component\Console\Output\ConsoleOutput))
#11 C:\xampp\htdocs\maquiladora2\vendor\laravel\framework\src\Illuminate\Foundation\Console\Kernel.php(107): Symfony\Component\Console\Application->run(Object(Symfony\Component\Console\Input\ArgvInput), Object(Symfony\Component\Console\Output\ConsoleOutput))
#12 C:\xampp\htdocs\maquiladora2\artisan(35): Illuminate\Foundation\Console\Kernel->handle(Object(Symfony\Component\Console\Input\ArgvInput), Object(Symfony\Component\Console\Output\ConsoleOutput))
#13 {main}  
